<?xml version="1.0" encoding="UTF-8"?>
<testng-results ignored="0" total="1" passed="1" failed="0" skipped="0">
  <reporter-output>
  </reporter-output>
  <suite started-at="2023-04-18T12:05:11 EDT" name="Default suite" finished-at="2023-04-18T12:05:21 EDT" duration-ms="10147">
    <groups>
    </groups>
    <test started-at="2023-04-18T12:05:11 EDT" name="Default test" finished-at="2023-04-18T12:05:21 EDT" duration-ms="10147">
      <class name="linkedin.practiceSelenium.form">
        <test-method is-config="true" signature="setup()[pri:0, instance:linkedin.practiceSelenium.form@5032714f]" started-at="2023-04-18T12:05:11 EDT" name="setup" finished-at="2023-04-18T12:05:19 EDT" duration-ms="8011" status="PASS">
          <reporter-output>
          </reporter-output>
        </test-method> <!-- setup -->
        <test-method signature="fillform()[pri:0, instance:linkedin.practiceSelenium.form@5032714f]" started-at="2023-04-18T12:05:19 EDT" name="fillform" finished-at="2023-04-18T12:05:21 EDT" duration-ms="1584" status="PASS">
          <reporter-output>
          </reporter-output>
        </test-method> <!-- fillform -->
        <test-method is-config="true" signature="tearDown()[pri:0, instance:linkedin.practiceSelenium.form@5032714f]" started-at="2023-04-18T12:05:21 EDT" name="tearDown" finished-at="2023-04-18T12:05:21 EDT" duration-ms="404" status="PASS">
          <reporter-output>
          </reporter-output>
        </test-method> <!-- tearDown -->
      </class> <!-- linkedin.practiceSelenium.form -->
    </test> <!-- Default test -->
  </suite> <!-- Default suite -->
</testng-results>
